Initialized native services in: /home/basil/.gradle/native
To honour the JVM settings for this build a single-use Daemon process will be forked. See https://docs.gradle.org/6.9/userguide/gradle_daemon.html#sec:disabling_the_daemon.
Starting process 'Gradle build daemon'. Working directory: /home/basil/.gradle/daemon/6.9 Command: /usr/lib/jvm/java-8-openjdk-amd64/bin/java -XX:MaxMetaspaceSize=256m -XX:+HeapDumpOnOutOfMemoryError -Xms256m -Xmx512m -Dfile.encoding=UTF-8 -Duser.country=US -Duser.language=en -Duser.variant -cp /home/basil/.gradle/wrapper/dists/gradle-6.9-bin/2ecsmyp3bolyybemj56vfn4mt/gradle-6.9/lib/gradle-launcher-6.9.jar org.gradle.launcher.daemon.bootstrap.GradleDaemon 6.9
Successfully started process 'Gradle build daemon'
An attempt to start the daemon took 0.498 secs.
The client will now receive all logging from the daemon (pid: 1245899). The daemon log file: /home/basil/.gradle/daemon/6.9/daemon-1245899.out.log
Daemon will be stopped at the end of the build 
Using 8 worker leases.
Watching the file system is disabled
Starting Build
Settings evaluated using settings file '/home/basil/src/jenkinsci/job-dsl-plugin/settings.gradle'.
Projects loaded. Root project using build file '/home/basil/src/jenkinsci/job-dsl-plugin/build.gradle'.
Included projects: [root project 'job-dsl-plugin-root', project ':job-dsl-api-viewer', project ':job-dsl-core', project ':job-dsl-plugin']

> Configure project :
Evaluating root project 'job-dsl-plugin-root' using build file '/home/basil/src/jenkinsci/job-dsl-plugin/build.gradle'.

> Configure project :job-dsl-core
Evaluating project ':job-dsl-core' using build file '/home/basil/src/jenkinsci/job-dsl-plugin/job-dsl-core/build.gradle'.

> Configure project :job-dsl-api-viewer
Evaluating project ':job-dsl-api-viewer' using build file '/home/basil/src/jenkinsci/job-dsl-plugin/job-dsl-api-viewer/build.gradle'.

> Configure project :job-dsl-plugin
Evaluating project ':job-dsl-plugin' using build file '/home/basil/src/jenkinsci/job-dsl-plugin/job-dsl-plugin/build.gradle'.
All projects evaluated.
Selected primary task 'clean' from project :
Selected primary task 'build' from project :
Tasks to be executed: [task ':clean', task ':job-dsl-api-viewer:clean', task ':job-dsl-core:clean', task ':job-dsl-plugin:clean', task ':compileJava', task ':processResources', task ':classes', task ':jar', task ':assemble', task ':check', task ':build', task ':job-dsl-api-viewer:assetCompile', task ':job-dsl-api-viewer:extractWebJars', task ':job-dsl-api-viewer:combineCss', task ':job-dsl-api-viewer:combineJs', task ':job-dsl-api-viewer:concat', task ':job-dsl-core:compileAstJava', task ':job-dsl-core:compileAstGroovy', task ':job-dsl-core:processAstResources', task ':job-dsl-core:astClasses', task ':job-dsl-core:compileJava', task ':job-dsl-core:compileGroovy', task ':job-dsl-core:processResources', task ':job-dsl-core:classes', task ':job-dsl-core:generateApiDoc', task ':job-dsl-api-viewer:copyData', task ':job-dsl-api-viewer:copyFonts', task ':job-dsl-api-viewer:downloadUpdateCenter', task ':job-dsl-api-viewer:processUpdateCenter', task ':job-dsl-api-viewer:build', task ':job-dsl-core:jar', task ':job-dsl-core:startScripts', task ':job-dsl-core:distTar', task ':job-dsl-core:distZip', task ':job-dsl-core:assemble', task ':job-dsl-core:codenarcAst', task ':job-dsl-core:codenarcExamples', task ':job-dsl-core:codenarcMain', task ':job-dsl-core:codenarcTest', task ':job-dsl-core:check', task ':job-dsl-core:build', task ':job-dsl-plugin:localizeMessages', task ':job-dsl-plugin:compileJava', task ':job-dsl-plugin:compileGroovy', task ':job-dsl-plugin:processResources', task ':job-dsl-plugin:classes', task ':job-dsl-plugin:generateJenkinsPluginClassManifest', task ':job-dsl-plugin:generateJenkinsPluginDependenciesManifest', task ':job-dsl-plugin:generateJenkinsSupportDynamicLoadingManifest', task ':job-dsl-plugin:generateJenkinsManifest', task ':job-dsl-plugin:jar', task ':job-dsl-plugin:javadoc', task ':job-dsl-plugin:javadocJar', task ':job-dsl-plugin:generateLicenseInfo', task ':job-dsl-plugin:jpi', task ':job-dsl-plugin:localizer', task ':job-dsl-plugin:sourcesJar', task ':job-dsl-plugin:assemble', task ':job-dsl-plugin:checkAccessModifier', task ':job-dsl-plugin:checkOverlappingSources', task ':job-dsl-plugin:codenarcGeneratedJenkinsTest', task ':job-dsl-plugin:codenarcMain', task ':job-dsl-plugin:codenarcTest', task ':job-dsl-plugin:createVersionlessLookup', task ':job-dsl-plugin:copyGeneratedJenkinsTestPluginDependencies', task ':job-dsl-plugin:generateTestHpl', task ':job-dsl-plugin:generateJenkinsTests', task ':job-dsl-plugin:compileGeneratedJenkinsTestJava', task ':job-dsl-plugin:compileGeneratedJenkinsTestGroovy', task ':job-dsl-plugin:processGeneratedJenkinsTestResources', task ':job-dsl-plugin:generatedJenkinsTestClasses', task ':job-dsl-plugin:generatedJenkinsTest', task ':job-dsl-plugin:check', task ':job-dsl-plugin:build']
Tasks that were excluded: [task ':job-dsl-core:test', task ':test', task ':job-dsl-plugin:test']
:clean (Thread[Execution worker for ':' Thread 2,5,main]) started.

> Task :clean UP-TO-DATE
Caching disabled for task ':clean' because:
  Build cache is disabled
Task ':clean' is not up-to-date because:
  Task has not declared any outputs despite executing actions.
:clean (Thread[Execution worker for ':' Thread 2,5,main]) completed. Took 0.031 secs.
:job-dsl-api-viewer:clean (Thread[Execution worker for ':' Thread 2,5,main]) started.

> Task :job-dsl-api-viewer:clean UP-TO-DATE
Caching disabled for task ':job-dsl-api-viewer:clean' because:
  Build cache is disabled
Task ':job-dsl-api-viewer:clean' is not up-to-date because:
  Task has not declared any outputs despite executing actions.
:job-dsl-api-viewer:clean (Thread[Execution worker for ':' Thread 2,5,main]) completed. Took 0.0 secs.
:job-dsl-core:clean (Thread[Execution worker for ':' Thread 2,5,main]) started.

> Task :job-dsl-core:clean UP-TO-DATE
Caching disabled for task ':job-dsl-core:clean' because:
  Build cache is disabled
Task ':job-dsl-core:clean' is not up-to-date because:
  Task has not declared any outputs despite executing actions.
:job-dsl-core:clean (Thread[Execution worker for ':' Thread 2,5,main]) completed. Took 0.0 secs.
:job-dsl-plugin:clean (Thread[Execution worker for ':' Thread 2,5,main]) started.

> Task :job-dsl-plugin:clean UP-TO-DATE
Caching disabled for task ':job-dsl-plugin:clean' because:
  Build cache is disabled
Task ':job-dsl-plugin:clean' is not up-to-date because:
  Task has not declared any outputs despite executing actions.
:job-dsl-plugin:clean (Thread[Execution worker for ':' Thread 2,5,main]) completed. Took 0.0 secs.
:compileJava (Thread[Execution worker for ':' Thread 2,5,main]) started.

> Task :compileJava NO-SOURCE
file or directory '/home/basil/src/jenkinsci/job-dsl-plugin/src/main/java', not found
Skipping task ':compileJava' as it has no source files and no previous output files.
:compileJava (Thread[Execution worker for ':' Thread 2,5,main]) completed. Took 0.006 secs.
:processResources (Thread[Execution worker for ':' Thread 2,5,main]) started.

> Task :processResources NO-SOURCE
file or directory '/home/basil/src/jenkinsci/job-dsl-plugin/src/main/resources', not found
Skipping task ':processResources' as it has no source files and no previous output files.
:processResources (Thread[Execution worker for ':' Thread 2,5,main]) completed. Took 0.0 secs.
:classes (Thread[Execution worker for ':' Thread 2,5,main]) started.

> Task :classes UP-TO-DATE
Skipping task ':classes' as it has no actions.
:classes (Thread[Execution worker for ':' Thread 2,5,main]) completed. Took 0.0 secs.
:jar (Thread[Execution worker for ':' Thread 2,5,main]) started.

> Task :jar
file or directory '/home/basil/src/jenkinsci/job-dsl-plugin/build/classes/java/main', not found
file or directory '/home/basil/src/jenkinsci/job-dsl-plugin/build/resources/main', not found
Caching disabled for task ':jar' because:
  Build cache is disabled
Task ':jar' is not up-to-date because:
  No history is available.
file or directory '/home/basil/src/jenkinsci/job-dsl-plugin/build/classes/java/main', not found
file or directory '/home/basil/src/jenkinsci/job-dsl-plugin/build/resources/main', not found
:jar (Thread[Execution worker for ':' Thread 2,5,main]) completed. Took 0.029 secs.
:assemble (Thread[Execution worker for ':' Thread 2,5,main]) started.

> Task :assemble
Skipping task ':assemble' as it has no actions.
:assemble (Thread[Execution worker for ':' Thread 2,5,main]) completed. Took 0.0 secs.
:check (Thread[Execution worker for ':' Thread 2,5,main]) started.

> Task :check
Skipping task ':check' as it has no actions.
:check (Thread[Execution worker for ':' Thread 2,5,main]) completed. Took 0.0 secs.
:build (Thread[Execution worker for ':' Thread 2,5,main]) started.

> Task :build
Skipping task ':build' as it has no actions.
:build (Thread[Execution worker for ':' Thread 2,5,main]) completed. Took 0.0 secs.
:job-dsl-api-viewer:assetCompile (Thread[Execution worker for ':' Thread 2,5,main]) started.

> Task :job-dsl-api-viewer:assetCompile
Caching disabled for task ':job-dsl-api-viewer:assetCompile' because:
  Build cache is disabled
Task ':job-dsl-api-viewer:assetCompile' is not up-to-date because:
  No history is available.
:job-dsl-api-viewer:assetCompile (Thread[Execution worker for ':' Thread 2,5,main]) completed. Took 3.83 secs.
:job-dsl-api-viewer:extractWebJars (Thread[Execution worker for ':' Thread 2,5,main]) started.

> Task :job-dsl-api-viewer:extractWebJars
Caching disabled for task ':job-dsl-api-viewer:extractWebJars' because:
  Build cache is disabled
Task ':job-dsl-api-viewer:extractWebJars' is not up-to-date because:
  No history is available.
:job-dsl-api-viewer:extractWebJars (Thread[Execution worker for ':' Thread 2,5,main]) completed. Took 0.26 secs.
:job-dsl-api-viewer:combineCss (Thread[Execution worker for ':' Thread 2,5,main]) started.

> Task :job-dsl-api-viewer:combineCss
Caching disabled for task ':job-dsl-api-viewer:combineCss' because:
  Build cache is disabled
Task ':job-dsl-api-viewer:combineCss' is not up-to-date because:
  No history is available.
Adding to fileset: /home/basil/src/jenkinsci/job-dsl-plugin/job-dsl-api-viewer/build/webjars/bootstrap/3.3.4/css/bootstrap.min.css
Adding to fileset: /home/basil/src/jenkinsci/job-dsl-plugin/job-dsl-api-viewer/build/webjars/jstree/3.0.4/themes/default/style.min.css
Adding to fileset: /home/basil/src/jenkinsci/job-dsl-plugin/job-dsl-api-viewer/build/assets/main.css
Adding to fileset: /home/basil/src/jenkinsci/job-dsl-plugin/job-dsl-api-viewer/build/webjars/highlightjs/8.4-4/styles/default.min.css
:job-dsl-api-viewer:combineCss (Thread[Execution worker for ':' Thread 2,5,main]) completed. Took 0.093 secs.
:job-dsl-api-viewer:combineJs (Thread[Execution worker for ':' Thread 2,5,main]) started.

> Task :job-dsl-api-viewer:combineJs
Caching disabled for task ':job-dsl-api-viewer:combineJs' because:
  Build cache is disabled
Task ':job-dsl-api-viewer:combineJs' is not up-to-date because:
  No history is available.
Adding to fileset: /home/basil/src/jenkinsci/job-dsl-plugin/job-dsl-api-viewer/build/webjars/jquery/1.11.1/jquery.min.js
Adding to fileset: /home/basil/src/jenkinsci/job-dsl-plugin/job-dsl-api-viewer/build/webjars/jquery-ui/1.11.3/jquery-ui.min.js
Adding to fileset: /home/basil/src/jenkinsci/job-dsl-plugin/job-dsl-api-viewer/build/webjars/jqueryui-layout/1.4.0/jquery.layout.js
Adding to fileset: /home/basil/src/jenkinsci/job-dsl-plugin/job-dsl-api-viewer/build/webjars/jstree/3.0.4/jstree.min.js
Adding to fileset: /home/basil/src/jenkinsci/job-dsl-plugin/job-dsl-api-viewer/build/webjars/handlebars/4.0.2/handlebars.runtime.min.js
Adding to fileset: /home/basil/src/jenkinsci/job-dsl-plugin/job-dsl-api-viewer/build/webjars/underscore/1.7.0/underscore-min.js
Adding to fileset: /home/basil/src/jenkinsci/job-dsl-plugin/job-dsl-api-viewer/build/webjars/backbone/1.2.3/backbone-min.js
Adding to fileset: /home/basil/src/jenkinsci/job-dsl-plugin/job-dsl-api-viewer/build/webjars/backbone.marionette/2.4.2/lib/backbone.marionette.min.js
Adding to fileset: /home/basil/src/jenkinsci/job-dsl-plugin/job-dsl-api-viewer/build/assets/App.js
Adding to fileset: /home/basil/src/jenkinsci/job-dsl-plugin/job-dsl-api-viewer/build/assets/templates/detail.js
Adding to fileset: /home/basil/src/jenkinsci/job-dsl-plugin/job-dsl-api-viewer/build/assets/templates/context.js
Adding to fileset: /home/basil/src/jenkinsci/job-dsl-plugin/job-dsl-api-viewer/build/assets/templates/searchResults.js
Adding to fileset: /home/basil/src/jenkinsci/job-dsl-plugin/job-dsl-api-viewer/build/assets/templates/tree.js
Adding to fileset: /home/basil/src/jenkinsci/job-dsl-plugin/job-dsl-api-viewer/build/assets/templates/plugins.js
Adding to fileset: /home/basil/src/jenkinsci/job-dsl-plugin/job-dsl-api-viewer/build/assets/templates/home.js
Adding to fileset: /home/basil/src/jenkinsci/job-dsl-plugin/job-dsl-api-viewer/build/assets/templates/pluginDetail.js
Adding to fileset: /home/basil/src/jenkinsci/job-dsl-plugin/job-dsl-api-viewer/build/assets/Settings.js
Adding to fileset: /home/basil/src/jenkinsci/job-dsl-plugin/job-dsl-api-viewer/build/assets/DslLoader.js
Adding to fileset: /home/basil/src/jenkinsci/job-dsl-plugin/job-dsl-api-viewer/build/assets/views/DetailView.js
Adding to fileset: /home/basil/src/jenkinsci/job-dsl-plugin/job-dsl-api-viewer/build/assets/views/HomeView.js
Adding to fileset: /home/basil/src/jenkinsci/job-dsl-plugin/job-dsl-api-viewer/build/assets/views/TreeView.js
Adding to fileset: /home/basil/src/jenkinsci/job-dsl-plugin/job-dsl-api-viewer/build/assets/views/ContextView.js
Adding to fileset: /home/basil/src/jenkinsci/job-dsl-plugin/job-dsl-api-viewer/build/assets/views/PluginsView.js
Adding to fileset: /home/basil/src/jenkinsci/job-dsl-plugin/job-dsl-api-viewer/build/assets/views/PluginDetailView.js
Adding to fileset: /home/basil/src/jenkinsci/job-dsl-plugin/job-dsl-api-viewer/build/assets/Dsl.js
Adding to fileset: /home/basil/src/jenkinsci/job-dsl-plugin/job-dsl-api-viewer/build/assets/Router.js
Adding to fileset: /home/basil/src/jenkinsci/job-dsl-plugin/job-dsl-api-viewer/build/webjars/bootstrap/3.3.4/js/bootstrap.min.js
Adding to fileset: /home/basil/src/jenkinsci/job-dsl-plugin/job-dsl-api-viewer/build/webjars/highlightjs/8.4-4/highlight.min.js
:job-dsl-api-viewer:combineJs (Thread[Execution worker for ':' Thread 2,5,main]) completed. Took 0.024 secs.
:job-dsl-api-viewer:concat (Thread[Execution worker for ':' Thread 2,5,main]) started.

> Task :job-dsl-api-viewer:concat
Skipping task ':job-dsl-api-viewer:concat' as it has no actions.
:job-dsl-api-viewer:concat (Thread[Execution worker for ':' Thread 2,5,main]) completed. Took 0.0 secs.
:job-dsl-core:compileAstJava (Thread[Execution worker for ':' Thread 2,5,main]) started.

> Task :job-dsl-core:compileAstJava NO-SOURCE
file or directory '/home/basil/src/jenkinsci/job-dsl-plugin/job-dsl-core/src/ast/java', not found
Skipping task ':job-dsl-core:compileAstJava' as it has no source files and no previous output files.
:job-dsl-core:compileAstJava (Thread[Execution worker for ':' Thread 2,5,main]) completed. Took 0.0 secs.
:job-dsl-core:compileAstGroovy (Thread[Execution worker for ':' Thread 2,5,main]) started.
This JVM does not support getting OS memory, so no OS memory status updates will be broadcast

> Task :job-dsl-core:compileAstGroovy
Caching disabled for task ':job-dsl-core:compileAstGroovy' because:
  Build cache is disabled
Task ':job-dsl-core:compileAstGroovy' is not up-to-date because:
  No history is available.
The input changes require a full rebuild for incremental task ':job-dsl-core:compileAstGroovy'.
Starting process 'Gradle Worker Daemon 1'. Working directory: /home/basil/.gradle/workers Command: /usr/lib/jvm/java-8-openjdk-amd64/bin/java -Djava.security.manager=worker.org.gradle.process.internal.worker.child.BootstrapSecurityManager -Xmx512m -Dfile.encoding=UTF-8 -Duser.country=US -Duser.language=en -Duser.variant -cp /home/basil/.gradle/caches/6.9/workerMain/gradle-worker.jar worker.org.gradle.process.internal.worker.GradleWorkerMain 'Gradle Worker Daemon 1'
Successfully started process 'Gradle Worker Daemon 1'
Started Gradle worker daemon (0.257 secs) with fork options DaemonForkOptions{executable=/usr/lib/jvm/java-8-openjdk-amd64/bin/java, minHeapSize=null, maxHeapSize=null, jvmArgs=[], keepAliveMode=SESSION}.
:job-dsl-core:compileAstGroovy (Thread[Execution worker for ':' Thread 2,5,main]) completed. Took 0.831 secs.
:job-dsl-core:processAstResources (Thread[Execution worker for ':' Thread 2,5,main]) started.

> Task :job-dsl-core:processAstResources
Caching disabled for task ':job-dsl-core:processAstResources' because:
  Build cache is disabled
Task ':job-dsl-core:processAstResources' is not up-to-date because:
  No history is available.
:job-dsl-core:processAstResources (Thread[Execution worker for ':' Thread 2,5,main]) completed. Took 0.004 secs.
:job-dsl-core:astClasses (Thread[Execution worker for ':' Thread 2,5,main]) started.

> Task :job-dsl-core:astClasses
Skipping task ':job-dsl-core:astClasses' as it has no actions.
:job-dsl-core:astClasses (Thread[Execution worker for ':' Thread 2,5,main]) completed. Took 0.0 secs.
:job-dsl-core:compileJava (Thread[Execution worker for ':' Thread 2,5,main]) started.

> Task :job-dsl-core:compileJava NO-SOURCE
file or directory '/home/basil/src/jenkinsci/job-dsl-plugin/job-dsl-core/src/main/java', not found
Skipping task ':job-dsl-core:compileJava' as it has no source files and no previous output files.
:job-dsl-core:compileJava (Thread[Execution worker for ':' Thread 2,5,main]) completed. Took 0.0 secs.
:job-dsl-core:compileGroovy (Thread[Execution worker for ':' Thread 2,5,main]) started.

> Task :job-dsl-core:compileGroovy
Caching disabled for task ':job-dsl-core:compileGroovy' because:
  Build cache is disabled
Task ':job-dsl-core:compileGroovy' is not up-to-date because:
  No history is available.
The input changes require a full rebuild for incremental task ':job-dsl-core:compileGroovy'.
Compiling with JDK Java compiler API.
:job-dsl-core:compileGroovy (Thread[Execution worker for ':' Thread 2,5,main]) completed. Took 2.51 secs.
:job-dsl-core:processResources (Thread[Execution worker for ':' Thread 2,5,main]) started.

> Task :job-dsl-core:processResources
Caching disabled for task ':job-dsl-core:processResources' because:
  Build cache is disabled
Task ':job-dsl-core:processResources' is not up-to-date because:
  No history is available.
:job-dsl-core:processResources (Thread[Execution worker for ':' Thread 2,5,main]) completed. Took 0.014 secs.
:job-dsl-core:classes (Thread[Execution worker for ':' Thread 2,5,main]) started.

> Task :job-dsl-core:classes
Skipping task ':job-dsl-core:classes' as it has no actions.
:job-dsl-core:classes (Thread[Execution worker for ':' Thread 2,5,main]) completed. Took 0.0 secs.
:job-dsl-core:generateApiDoc (Thread[Execution worker for ':' Thread 2,5,main]) started.

> Task :job-dsl-core:generateApiDoc
Caching disabled for task ':job-dsl-core:generateApiDoc' because:
  Build cache is disabled
Task ':job-dsl-core:generateApiDoc' is not up-to-date because:
  No history is available.
Starting process 'command '/usr/lib/jvm/java-8-openjdk-amd64/bin/java''. Working directory: /home/basil/src/jenkinsci/job-dsl-plugin/job-dsl-core Command: /usr/lib/jvm/java-8-openjdk-amd64/bin/java -Dfile.encoding=UTF-8 -Duser.country=US -Duser.language=en -Duser.variant -cp /home/basil/src/jenkinsci/job-dsl-plugin/job-dsl-core/build/classes/java/main:/home/basil/src/jenkinsci/job-dsl-plugin/job-dsl-core/build/classes/groovy/main:/home/basil/src/jenkinsci/job-dsl-plugin/job-dsl-core/build/resources/main:/home/basil/.gradle/caches/modules-2/files-2.1/org.codehaus.groovy/groovy-all/2.4.12/760afc568cbd94c09d78f801ce51aed1326710af/groovy-all-2.4.12.jar:/home/basil/.gradle/caches/modules-2/files-2.1/xmlunit/xmlunit/1.4/d1b703573ac51bf425e9451f611a6d5fb55587bf/xmlunit-1.4.jar:/home/basil/.gradle/caches/modules-2/files-2.1/org.jvnet.hudson/xstream/1.4.7-jenkins-1/161ed1603117c2d37b864f81a0d62f36cf7e958a/xstream-1.4.7-jenkins-1.jar javaposse.jobdsl.dsl.doc.ApiDocGenerator 1.82-SNAPSHOT /home/basil/src/jenkinsci/job-dsl-plugin/job-dsl-core/build/dsl.json
Successfully started process 'command '/usr/lib/jvm/java-8-openjdk-amd64/bin/java''
:job-dsl-core:generateApiDoc (Thread[Execution worker for ':' Thread 2,5,main]) completed. Took 3.3 secs.
:job-dsl-api-viewer:copyData (Thread[Execution worker for ':' Thread 2,5,main]) started.

> Task :job-dsl-api-viewer:copyData
Caching disabled for task ':job-dsl-api-viewer:copyData' because:
  Build cache is disabled
Task ':job-dsl-api-viewer:copyData' is not up-to-date because:
  No history is available.
:job-dsl-api-viewer:copyData (Thread[Execution worker for ':' Thread 2,5,main]) completed. Took 0.639 secs.
:job-dsl-api-viewer:copyFonts (Thread[Execution worker for ':' Thread 2,5,main]) started.

> Task :job-dsl-api-viewer:copyFonts
Caching disabled for task ':job-dsl-api-viewer:copyFonts' because:
  Build cache is disabled
Task ':job-dsl-api-viewer:copyFonts' is not up-to-date because:
  No history is available.
:job-dsl-api-viewer:copyFonts (Thread[Execution worker for ':' Thread 2,5,main]) completed. Took 0.027 secs.
:job-dsl-api-viewer:downloadUpdateCenter (Thread[Execution worker for ':' Thread 2,5,main]) started.

> Task :job-dsl-api-viewer:downloadUpdateCenter
Caching disabled for task ':job-dsl-api-viewer:downloadUpdateCenter' because:
  Build cache is disabled
Task ':job-dsl-api-viewer:downloadUpdateCenter' is not up-to-date because:
  Task.upToDateWhen is false.
Unable to get progress logger. Download progress will not be displayed.
I/O exception (org.apache.http.NoHttpResponseException) caught when processing request to {s}->https://updates.jenkins-ci.org:443: The target server failed to respond
Retrying request to {s}->https://updates.jenkins-ci.org:443
:job-dsl-api-viewer:downloadUpdateCenter (Thread[Execution worker for ':' Thread 2,5,main]) completed. Took 1.607 secs.
:job-dsl-api-viewer:processUpdateCenter (Thread[Execution worker for ':' Thread 2,5,main]) started.

> Task :job-dsl-api-viewer:processUpdateCenter
Caching disabled for task ':job-dsl-api-viewer:processUpdateCenter' because:
  Build cache is disabled
Task ':job-dsl-api-viewer:processUpdateCenter' is not up-to-date because:
  No history is available.
:job-dsl-api-viewer:processUpdateCenter (Thread[Execution worker for ':' Thread 2,5,main]) completed. Took 0.036 secs.
:job-dsl-api-viewer:build (Thread[Execution worker for ':' Thread 2,5,main]) started.

> Task :job-dsl-api-viewer:build
Skipping task ':job-dsl-api-viewer:build' as it has no actions.
:job-dsl-api-viewer:build (Thread[Execution worker for ':' Thread 2,5,main]) completed. Took 0.0 secs.
:job-dsl-core:jar (Thread[Execution worker for ':' Thread 2,5,main]) started.

> Task :job-dsl-core:jar
file or directory '/home/basil/src/jenkinsci/job-dsl-plugin/job-dsl-core/build/classes/java/main', not found
Caching disabled for task ':job-dsl-core:jar' because:
  Build cache is disabled
Task ':job-dsl-core:jar' is not up-to-date because:
  No history is available.
file or directory '/home/basil/src/jenkinsci/job-dsl-plugin/job-dsl-core/build/classes/java/main', not found
:job-dsl-core:jar (Thread[Execution worker for ':' Thread 2,5,main]) completed. Took 0.258 secs.
:job-dsl-core:startScripts (Thread[Execution worker for ':' Thread 2,5,main]) started.

> Task :job-dsl-core:startScripts
Caching disabled for task ':job-dsl-core:startScripts' because:
  Build cache is disabled
Task ':job-dsl-core:startScripts' is not up-to-date because:
  No history is available.
:job-dsl-core:startScripts (Thread[Execution worker for ':' Thread 2,5,main]) completed. Took 0.217 secs.
:job-dsl-core:distTar (Thread[Execution worker for ':' Thread 2,5,main]) started.

> Task :job-dsl-core:distTar
file or directory '/home/basil/src/jenkinsci/job-dsl-plugin/job-dsl-core/src/main/dist', not found
file or directory '/home/basil/src/jenkinsci/job-dsl-plugin/job-dsl-core/src/dist', not found
Caching disabled for task ':job-dsl-core:distTar' because:
  Build cache is disabled
Task ':job-dsl-core:distTar' is not up-to-date because:
  No history is available.
file or directory '/home/basil/src/jenkinsci/job-dsl-plugin/job-dsl-core/src/main/dist', not found
file or directory '/home/basil/src/jenkinsci/job-dsl-plugin/job-dsl-core/src/dist', not found
:job-dsl-core:distTar (Thread[Execution worker for ':' Thread 2,5,main]) completed. Took 0.049 secs.
:job-dsl-core:distZip (Thread[Execution worker for ':' Thread 2,5,main]) started.

> Task :job-dsl-core:distZip
file or directory '/home/basil/src/jenkinsci/job-dsl-plugin/job-dsl-core/src/main/dist', not found
file or directory '/home/basil/src/jenkinsci/job-dsl-plugin/job-dsl-core/src/dist', not found
Caching disabled for task ':job-dsl-core:distZip' because:
  Build cache is disabled
Task ':job-dsl-core:distZip' is not up-to-date because:
  No history is available.
file or directory '/home/basil/src/jenkinsci/job-dsl-plugin/job-dsl-core/src/main/dist', not found
file or directory '/home/basil/src/jenkinsci/job-dsl-plugin/job-dsl-core/src/dist', not found
:job-dsl-core:distZip (Thread[Execution worker for ':' Thread 2,5,main]) completed. Took 0.362 secs.
:job-dsl-core:assemble (Thread[Execution worker for ':' Thread 2,5,main]) started.

> Task :job-dsl-core:assemble
Skipping task ':job-dsl-core:assemble' as it has no actions.
:job-dsl-core:assemble (Thread[Execution worker for ':' Thread 2,5,main]) completed. Took 0.0 secs.
:job-dsl-core:codenarcAst (Thread[Execution worker for ':' Thread 2,5,main]) started.

> Task :job-dsl-core:codenarcAst
Caching disabled for task ':job-dsl-core:codenarcAst' because:
  Build cache is disabled
Task ':job-dsl-core:codenarcAst' is not up-to-date because:
  No history is available.
Loaded properties file in 6ms; 362 rules
Loading ruleset from [file:/home/basil/src/jenkinsci/job-dsl-plugin/config/codenarc/rules.groovy]
Loading ruleset from [rulesets/basic.xml]
Loading ruleset from [rulesets/braces.xml]
Loading ruleset from [rulesets/concurrency.xml]
Loading ruleset from [rulesets/convention.xml]
Loading ruleset from [rulesets/design.xml]
Loading ruleset from [rulesets/exceptions.xml]
Loading ruleset from [rulesets/formatting.xml]
Loading ruleset from [rulesets/generic.xml]
Loading ruleset from [rulesets/groovyism.xml]
Loading ruleset from [rulesets/imports.xml]
Loading ruleset from [rulesets/logging.xml]
Loading ruleset from [rulesets/naming.xml]
Loading ruleset from [rulesets/security.xml]
Loading ruleset from [rulesets/serialization.xml]
Loading ruleset from [rulesets/unnecessary.xml]
Loading ruleset from [rulesets/unused.xml]
RuleSet configuration properties file [codenarc.properties] not found.
Analysis time=750ms
No custom message bundle found for [codenarc-messages]. Using default messages.
Report file [/home/basil/src/jenkinsci/job-dsl-plugin/job-dsl-core/build/reports/codenarc/ast.html] created.
[ant:codenarc] CodeNarc completed: (p1=0; p2=0; p3=0) 1998ms
:job-dsl-core:codenarcAst (Thread[Execution worker for ':' Thread 2,5,main]) completed. Took 2.688 secs.
:job-dsl-core:codenarcExamples (Thread[Execution worker for ':' Thread 2,5,main]) started.

> Task :job-dsl-core:codenarcExamples
file or directory '/home/basil/src/jenkinsci/job-dsl-plugin/job-dsl-core/src/examples/groovy', not found
Caching disabled for task ':job-dsl-core:codenarcExamples' because:
  Build cache is disabled
Task ':job-dsl-core:codenarcExamples' is not up-to-date because:
  No history is available.
Loaded properties file in 1ms; 362 rules
Loading ruleset from [file:/home/basil/src/jenkinsci/job-dsl-plugin/config/codenarc/rules-examples.groovy]
Loading ruleset from [file:config/codenarc/rules.groovy]
Loading ruleset from [rulesets/basic.xml]
Loading ruleset from [rulesets/braces.xml]
Loading ruleset from [rulesets/concurrency.xml]
Loading ruleset from [rulesets/convention.xml]
Loading ruleset from [rulesets/design.xml]
Loading ruleset from [rulesets/exceptions.xml]
Loading ruleset from [rulesets/formatting.xml]
Loading ruleset from [rulesets/generic.xml]
Loading ruleset from [rulesets/groovyism.xml]
Loading ruleset from [rulesets/imports.xml]
Loading ruleset from [rulesets/logging.xml]
Loading ruleset from [rulesets/naming.xml]
Loading ruleset from [rulesets/security.xml]
Loading ruleset from [rulesets/serialization.xml]
Loading ruleset from [rulesets/unnecessary.xml]
Loading ruleset from [rulesets/unused.xml]
RuleSet configuration properties file [codenarc.properties] not found.
Analysis time=679ms
No custom message bundle found for [codenarc-messages]. Using default messages.
Report file [/home/basil/src/jenkinsci/job-dsl-plugin/job-dsl-core/build/reports/codenarc/examples.html] created.
[ant:codenarc] CodeNarc completed: (p1=0; p2=0; p3=0) 779ms
:job-dsl-core:codenarcExamples (Thread[Execution worker for ':' Thread 2,5,main]) completed. Took 0.898 secs.
:job-dsl-core:codenarcMain (Thread[Execution worker for ':' Thread 2,5,main]) started.

> Task :job-dsl-core:codenarcMain
Caching disabled for task ':job-dsl-core:codenarcMain' because:
  Build cache is disabled
Task ':job-dsl-core:codenarcMain' is not up-to-date because:
  No history is available.
Loaded properties file in 0ms; 362 rules
Loading ruleset from [file:/home/basil/src/jenkinsci/job-dsl-plugin/config/codenarc/rules.groovy]
Loading ruleset from [rulesets/basic.xml]
Loading ruleset from [rulesets/braces.xml]
Loading ruleset from [rulesets/concurrency.xml]
Loading ruleset from [rulesets/convention.xml]
Loading ruleset from [rulesets/design.xml]
Loading ruleset from [rulesets/exceptions.xml]
Loading ruleset from [rulesets/formatting.xml]
Loading ruleset from [rulesets/generic.xml]
Loading ruleset from [rulesets/groovyism.xml]
Loading ruleset from [rulesets/imports.xml]
Loading ruleset from [rulesets/logging.xml]
Loading ruleset from [rulesets/naming.xml]
Loading ruleset from [rulesets/security.xml]
Loading ruleset from [rulesets/serialization.xml]
Loading ruleset from [rulesets/unnecessary.xml]
Loading ruleset from [rulesets/unused.xml]
RuleSet configuration properties file [codenarc.properties] not found.
Analysis time=787ms
No custom message bundle found for [codenarc-messages]. Using default messages.
Report file [/home/basil/src/jenkinsci/job-dsl-plugin/job-dsl-core/build/reports/codenarc/main.html] created.
[ant:codenarc] CodeNarc completed: (p1=0; p2=0; p3=0) 850ms
:job-dsl-core:codenarcMain (Thread[Execution worker for ':' Thread 2,5,main]) completed. Took 0.945 secs.
:job-dsl-core:codenarcTest (Thread[Execution worker for ':' Thread 2,5,main]) started.

> Task :job-dsl-core:codenarcTest
Caching disabled for task ':job-dsl-core:codenarcTest' because:
  Build cache is disabled
Task ':job-dsl-core:codenarcTest' is not up-to-date because:
  No history is available.
Loaded properties file in 1ms; 362 rules
Loading ruleset from [file:/home/basil/src/jenkinsci/job-dsl-plugin/config/codenarc/rules-test.groovy]
Loading ruleset from [rulesets/junit.xml]
Loading ruleset from [file:config/codenarc/rules.groovy]
Loading ruleset from [rulesets/basic.xml]
Loading ruleset from [rulesets/braces.xml]
Loading ruleset from [rulesets/concurrency.xml]
Loading ruleset from [rulesets/convention.xml]
Loading ruleset from [rulesets/design.xml]
Loading ruleset from [rulesets/exceptions.xml]
Loading ruleset from [rulesets/formatting.xml]
Loading ruleset from [rulesets/generic.xml]
Loading ruleset from [rulesets/groovyism.xml]
Loading ruleset from [rulesets/imports.xml]
Loading ruleset from [rulesets/logging.xml]
Loading ruleset from [rulesets/naming.xml]
Loading ruleset from [rulesets/security.xml]
Loading ruleset from [rulesets/serialization.xml]
Loading ruleset from [rulesets/unnecessary.xml]
Loading ruleset from [rulesets/unused.xml]
RuleSet configuration properties file [codenarc.properties] not found.
Analysis time=1052ms
No custom message bundle found for [codenarc-messages]. Using default messages.
Report file [/home/basil/src/jenkinsci/job-dsl-plugin/job-dsl-core/build/reports/codenarc/test.html] created.
[ant:codenarc] CodeNarc completed: (p1=0; p2=0; p3=0) 1171ms
:job-dsl-core:codenarcTest (Thread[Execution worker for ':' Thread 2,5,main]) completed. Took 1.288 secs.
:job-dsl-core:check (Thread[Execution worker for ':' Thread 2,5,main]) started.

> Task :job-dsl-core:check
Skipping task ':job-dsl-core:check' as it has no actions.
:job-dsl-core:check (Thread[Execution worker for ':' Thread 2,5,main]) completed. Took 0.0 secs.
:job-dsl-core:build (Thread[Execution worker for ':' Thread 2,5,main]) started.

> Task :job-dsl-core:build
Skipping task ':job-dsl-core:build' as it has no actions.
:job-dsl-core:build (Thread[Execution worker for ':' Thread 2,5,main]) completed. Took 0.0 secs.
:job-dsl-plugin:localizeMessages (Thread[Execution worker for ':' Thread 2,5,main]) started.
:job-dsl-plugin:processResources (Thread[Execution worker for ':' Thread 5,5,main]) started.

> Task :job-dsl-plugin:processResources
Caching disabled for task ':job-dsl-plugin:processResources' because:
  Build cache is disabled
Task ':job-dsl-plugin:processResources' is not up-to-date because:
  No history is available.
:job-dsl-plugin:processResources (Thread[Execution worker for ':' Thread 5,5,main]) completed. Took 0.015 secs.
:job-dsl-plugin:generateJenkinsPluginDependenciesManifest (Thread[Execution worker for ':' Thread 5,5,main]) started.

> Task :job-dsl-plugin:localizeMessages
Caching disabled for task ':job-dsl-plugin:localizeMessages' because:
  Build cache is disabled
Task ':job-dsl-plugin:localizeMessages' is not up-to-date because:
  No history is available.
:job-dsl-plugin:localizeMessages (Thread[Execution worker for ':' Thread 2,5,main]) completed. Took 0.117 secs.

> Task :job-dsl-plugin:generateJenkinsPluginDependenciesManifest
Caching disabled for task ':job-dsl-plugin:generateJenkinsPluginDependenciesManifest' because:
  Build cache is disabled
Task ':job-dsl-plugin:generateJenkinsPluginDependenciesManifest' is not up-to-date because:
  No history is available.
:job-dsl-plugin:generateJenkinsPluginDependenciesManifest (Thread[Execution worker for ':' Thread 5,5,main]) completed. Took 0.098 secs.
:job-dsl-plugin:compileJava (Thread[Execution worker for ':' Thread 5,5,main]) started.

> Task :job-dsl-plugin:compileJava
file or directory '/home/basil/src/jenkinsci/job-dsl-plugin/job-dsl-plugin/src/main/java', not found
Caching disabled for task ':job-dsl-plugin:compileJava' because:
  Build cache is disabled
Task ':job-dsl-plugin:compileJava' is not up-to-date because:
  No history is available.
The input changes require a full rebuild for incremental task ':job-dsl-plugin:compileJava'.
Full recompilation is required because no incremental change information is available. This is usually caused by clean builds or changing compiler arguments.
file or directory '/home/basil/src/jenkinsci/job-dsl-plugin/job-dsl-plugin/src/main/java', not found
Compiling with JDK Java compiler API.
Created classpath snapshot for incremental compilation in 0.277 secs. 235 duplicate classes found in classpath (see all with --debug).
:job-dsl-plugin:compileJava (Thread[Execution worker for ':' Thread 5,5,main]) completed. Took 1.053 secs.
:job-dsl-plugin:compileGroovy (Thread[Execution worker for ':' Thread 5,5,main]) started.

> Task :job-dsl-plugin:compileGroovy
Caching disabled for task ':job-dsl-plugin:compileGroovy' because:
  Build cache is disabled
Task ':job-dsl-plugin:compileGroovy' is not up-to-date because:
  No history is available.
The input changes require a full rebuild for incremental task ':job-dsl-plugin:compileGroovy'.
Compiling with JDK Java compiler API.
Note: javaposse.jobdsl.plugin.MonitorTemplateJobs indexed under hudson.Extension
Note: javaposse.jobdsl.plugin.DescriptorImpl indexed under hudson.Extension
Note: javaposse.jobdsl.plugin.DescriptorImpl.GeneratedJobMapItemListener indexed under hudson.Extension
Note: javaposse.jobdsl.plugin.casc.FromFileScriptSource.DescriptorImpl indexed under hudson.Extension
Note: javaposse.jobdsl.plugin.casc.FromUrlScriptSource.DescriptorImpl indexed under hudson.Extension
Note: javaposse.jobdsl.plugin.casc.InlineGroovyScriptSource.DescriptorImpl indexed under hudson.Extension
Note: javaposse.jobdsl.plugin.casc.SeedJobConfigurator indexed under hudson.Extension
Note: javaposse.jobdsl.plugin.GlobalJobDslSecurityConfiguration indexed under hudson.Extension
Note: javaposse.jobdsl.plugin.actions.ApiViewerRootAction indexed under hudson.Extension
Note: javaposse.jobdsl.plugin.actions.SeedJobTransientActionFactory indexed under hudson.Extension
Note: javaposse.jobdsl.plugin.actions.ApiViewerActionFactory indexed under hudson.Extension
Note: Some input files use or override a deprecated API.
Note: Recompile with -Xlint:deprecation for details.
Note: Some input files use unchecked or unsafe operations.
Note: Recompile with -Xlint:unchecked for details.
:job-dsl-plugin:compileGroovy (Thread[Execution worker for ':' Thread 5,5,main]) completed. Took 1.685 secs.
:job-dsl-plugin:classes (Thread[Execution worker for ':' Thread 7,5,main]) started.

> Task :job-dsl-plugin:classes
Skipping task ':job-dsl-plugin:classes' as it has no actions.
:job-dsl-plugin:classes (Thread[Execution worker for ':' Thread 7,5,main]) completed. Took 0.0 secs.
:job-dsl-plugin:generateJenkinsPluginClassManifest (Thread[Execution worker for ':' Thread 7,5,main]) started.

> Task :job-dsl-plugin:generateJenkinsPluginClassManifest
Caching disabled for task ':job-dsl-plugin:generateJenkinsPluginClassManifest' because:
  Build cache is disabled
Task ':job-dsl-plugin:generateJenkinsPluginClassManifest' is not up-to-date because:
  No history is available.
:job-dsl-plugin:generateJenkinsPluginClassManifest (Thread[Execution worker for ':' Thread 7,5,main]) completed. Took 0.011 secs.
:job-dsl-plugin:generateJenkinsSupportDynamicLoadingManifest (Thread[Execution worker for ':' Thread 7,5,main]) started.

> Task :job-dsl-plugin:generateJenkinsSupportDynamicLoadingManifest
Caching disabled for task ':job-dsl-plugin:generateJenkinsSupportDynamicLoadingManifest' because:
  Build cache is disabled
Task ':job-dsl-plugin:generateJenkinsSupportDynamicLoadingManifest' is not up-to-date because:
  No history is available.
:job-dsl-plugin:generateJenkinsSupportDynamicLoadingManifest (Thread[Execution worker for ':' Thread 7,5,main]) completed. Took 0.012 secs.
:job-dsl-plugin:generateJenkinsManifest (Thread[Execution worker for ':' Thread 3,5,main]) started.

> Task :job-dsl-plugin:generateJenkinsManifest
Caching disabled for task ':job-dsl-plugin:generateJenkinsManifest' because:
  Build cache is disabled
Task ':job-dsl-plugin:generateJenkinsManifest' is not up-to-date because:
  No history is available.
:job-dsl-plugin:generateJenkinsManifest (Thread[Execution worker for ':' Thread 3,5,main]) completed. Took 0.022 secs.
:job-dsl-plugin:jar (Thread[Execution worker for ':' Thread 5,5,main]) started.

> Task :job-dsl-plugin:jar
Caching disabled for task ':job-dsl-plugin:jar' because:
  Build cache is disabled
Task ':job-dsl-plugin:jar' is not up-to-date because:
  No history is available.
:job-dsl-plugin:jar (Thread[Execution worker for ':' Thread 5,5,main]) completed. Took 0.042 secs.
:job-dsl-plugin:javadoc (Thread[Execution worker for ':' Thread 7,5,main]) started.

> Task :job-dsl-plugin:javadoc
file or directory '/home/basil/src/jenkinsci/job-dsl-plugin/job-dsl-plugin/src/main/java', not found
Caching disabled for task ':job-dsl-plugin:javadoc' because:
  Build cache is disabled
Task ':job-dsl-plugin:javadoc' is not up-to-date because:
  No history is available.
file or directory '/home/basil/src/jenkinsci/job-dsl-plugin/job-dsl-plugin/src/main/java', not found
Starting process 'command '/usr/lib/jvm/java-8-openjdk-amd64/bin/javadoc''. Working directory: /home/basil/src/jenkinsci/job-dsl-plugin/job-dsl-plugin Command: /usr/lib/jvm/java-8-openjdk-amd64/bin/javadoc @/home/basil/src/jenkinsci/job-dsl-plugin/job-dsl-plugin/build/tmp/javadoc/javadoc.options
Successfully started process 'command '/usr/lib/jvm/java-8-openjdk-amd64/bin/javadoc''
:job-dsl-plugin:javadoc (Thread[Execution worker for ':' Thread 7,5,main]) completed. Took 0.925 secs.
:job-dsl-plugin:javadocJar (Thread[Execution worker for ':' Thread 7,5,main]) started.

> Task :job-dsl-plugin:javadocJar
Caching disabled for task ':job-dsl-plugin:javadocJar' because:
  Build cache is disabled
Task ':job-dsl-plugin:javadocJar' is not up-to-date because:
  No history is available.
:job-dsl-plugin:javadocJar (Thread[Execution worker for ':' Thread 7,5,main]) completed. Took 0.014 secs.
:job-dsl-plugin:generateLicenseInfo (Thread[Execution worker for ':' Thread 7,5,main]) started.

> Task :job-dsl-plugin:generateLicenseInfo
Caching disabled for task ':job-dsl-plugin:generateLicenseInfo' because:
  Build cache is disabled
Task ':job-dsl-plugin:generateLicenseInfo' is not up-to-date because:
  No history is available.
:job-dsl-plugin:generateLicenseInfo (Thread[Execution worker for ':' Thread 7,5,main]) completed. Took 0.066 secs.
:job-dsl-plugin:jpi (Thread[Execution worker for ':' Thread 7,5,main]) started.

> Task :job-dsl-plugin:jpi
Caching disabled for task ':job-dsl-plugin:jpi' because:
  Build cache is disabled
Task ':job-dsl-plugin:jpi' is not up-to-date because:
  No history is available.
:job-dsl-plugin:jpi (Thread[Execution worker for ':' Thread 7,5,main]) completed. Took 0.404 secs.
:job-dsl-plugin:localizer (Thread[Execution worker for ':' Thread 7,5,main]) started.

> Task :job-dsl-plugin:localizer SKIPPED
Skipping task ':job-dsl-plugin:localizer' as task onlyIf is false.
:job-dsl-plugin:localizer (Thread[Execution worker for ':' Thread 7,5,main]) completed. Took 0.0 secs.
:job-dsl-plugin:sourcesJar (Thread[Execution worker for ':' Thread 7,5,main]) started.

> Task :job-dsl-plugin:sourcesJar
Caching disabled for task ':job-dsl-plugin:sourcesJar' because:
  Build cache is disabled
Task ':job-dsl-plugin:sourcesJar' is not up-to-date because:
  No history is available.
file or directory '/home/basil/src/jenkinsci/job-dsl-plugin/job-dsl-plugin/src/main/java', not found
:job-dsl-plugin:sourcesJar (Thread[Execution worker for ':' Thread 7,5,main]) completed. Took 0.015 secs.
:job-dsl-plugin:assemble (Thread[Execution worker for ':' Thread 7,5,main]) started.

> Task :job-dsl-plugin:assemble
Skipping task ':job-dsl-plugin:assemble' as it has no actions.
:job-dsl-plugin:assemble (Thread[Execution worker for ':' Thread 7,5,main]) completed. Took 0.0 secs.
:job-dsl-plugin:checkAccessModifier (Thread[Execution worker for ':' Thread 7,5,main]) started.
:job-dsl-plugin:checkOverlappingSources (Thread[Execution worker for ':' Thread 6,5,main]) started.

> Task :job-dsl-plugin:checkOverlappingSources
Caching disabled for task ':job-dsl-plugin:checkOverlappingSources' because:
  Build cache is disabled
Task ':job-dsl-plugin:checkOverlappingSources' is not up-to-date because:
  No history is available.
:job-dsl-plugin:checkOverlappingSources (Thread[Execution worker for ':' Thread 6,5,main]) completed. Took 0.001 secs.
:job-dsl-plugin:codenarcGeneratedJenkinsTest (Thread[Execution worker for ':' Thread 6,5,main]) started.

> Task :job-dsl-plugin:codenarcGeneratedJenkinsTest NO-SOURCE
file or directory '/home/basil/src/jenkinsci/job-dsl-plugin/job-dsl-plugin/src/generatedJenkinsTest/groovy', not found
Skipping task ':job-dsl-plugin:codenarcGeneratedJenkinsTest' as it has no source files and no previous output files.
:job-dsl-plugin:codenarcGeneratedJenkinsTest (Thread[Execution worker for ':' Thread 6,5,main]) completed. Took 0.0 secs.
:job-dsl-plugin:codenarcMain (Thread[Execution worker for ':' Thread 6,5,main]) started.

> Task :job-dsl-plugin:checkAccessModifier
Cache entries evicted. In-memory cache of /home/basil/.gradle/caches/journal-1/file-access.bin: Size{387} MaxSize{400}, CacheStats{hitCount=0, missCount=0, loadSuccessCount=0, loadExceptionCount=0, totalLoadTime=0, evictionCount=1} 
Performance may suffer from in-memory cache misses. Increase max heap size of Gradle build process to reduce cache misses.
Caching disabled for task ':job-dsl-plugin:checkAccessModifier' because:
  Build cache is disabled
Task ':job-dsl-plugin:checkAccessModifier' is not up-to-date because:
  Task.upToDateWhen is false.


javaposse/jobdsl/plugin/WorkspaceUrlConnection must not be used
	but was used on 1 line:
		- javaposse.jobdsl.plugin.WorkspaceUrlHandler:20
:job-dsl-plugin:checkAccessModifier (Thread[Execution worker for ':' Thread 7,5,main]) completed. Took 0.32 secs.

> Task :job-dsl-plugin:codenarcMain
Caching disabled for task ':job-dsl-plugin:codenarcMain' because:
  Build cache is disabled
Task ':job-dsl-plugin:codenarcMain' is not up-to-date because:
  No history is available.
Loaded properties file in 1ms; 362 rules
Loading ruleset from [file:/home/basil/src/jenkinsci/job-dsl-plugin/config/codenarc/rules.groovy]
Loading ruleset from [rulesets/basic.xml]
Loading ruleset from [rulesets/braces.xml]
Loading ruleset from [rulesets/concurrency.xml]
Loading ruleset from [rulesets/convention.xml]
Loading ruleset from [rulesets/design.xml]
Loading ruleset from [rulesets/exceptions.xml]
Loading ruleset from [rulesets/formatting.xml]
Loading ruleset from [rulesets/generic.xml]
Loading ruleset from [rulesets/groovyism.xml]
Loading ruleset from [rulesets/imports.xml]
Loading ruleset from [rulesets/logging.xml]
Loading ruleset from [rulesets/naming.xml]
Loading ruleset from [rulesets/security.xml]
Loading ruleset from [rulesets/serialization.xml]
Loading ruleset from [rulesets/unnecessary.xml]
Loading ruleset from [rulesets/unused.xml]
RuleSet configuration properties file [codenarc.properties] not found.
Analysis time=175ms
No custom message bundle found for [codenarc-messages]. Using default messages.
Report file [/home/basil/src/jenkinsci/job-dsl-plugin/job-dsl-plugin/build/reports/codenarc/main.html] created.
CodeNarc completed: (p1=0; p2=0; p3=0) 253ms
:job-dsl-plugin:codenarcMain (Thread[Execution worker for ':' Thread 6,5,main]) completed. Took 0.347 secs.
:job-dsl-plugin:codenarcTest (Thread[Execution worker for ':' Thread 6,5,main]) started.

> Task :job-dsl-plugin:codenarcTest
Caching disabled for task ':job-dsl-plugin:codenarcTest' because:
  Build cache is disabled
Task ':job-dsl-plugin:codenarcTest' is not up-to-date because:
  No history is available.
Loaded properties file in 0ms; 362 rules
Loading ruleset from [file:/home/basil/src/jenkinsci/job-dsl-plugin/config/codenarc/rules-test.groovy]
Loading ruleset from [rulesets/junit.xml]
Loading ruleset from [file:config/codenarc/rules.groovy]
Loading ruleset from [rulesets/basic.xml]
Loading ruleset from [rulesets/braces.xml]
Loading ruleset from [rulesets/concurrency.xml]
Loading ruleset from [rulesets/convention.xml]
Loading ruleset from [rulesets/design.xml]
Loading ruleset from [rulesets/exceptions.xml]
Loading ruleset from [rulesets/formatting.xml]
Loading ruleset from [rulesets/generic.xml]
Loading ruleset from [rulesets/groovyism.xml]
Loading ruleset from [rulesets/imports.xml]
Loading ruleset from [rulesets/logging.xml]
Loading ruleset from [rulesets/naming.xml]
Loading ruleset from [rulesets/security.xml]
Loading ruleset from [rulesets/serialization.xml]
Loading ruleset from [rulesets/unnecessary.xml]
Loading ruleset from [rulesets/unused.xml]
RuleSet configuration properties file [codenarc.properties] not found.
Analysis time=421ms
No custom message bundle found for [codenarc-messages]. Using default messages.
Report file [/home/basil/src/jenkinsci/job-dsl-plugin/job-dsl-plugin/build/reports/codenarc/test.html] created.
[ant:codenarc] CodeNarc completed: (p1=0; p2=0; p3=0) 481ms
:job-dsl-plugin:codenarcTest (Thread[Execution worker for ':' Thread 6,5,main]) completed. Took 0.571 secs.
:job-dsl-plugin:createVersionlessLookup (Thread[Execution worker for ':' Thread 6,5,main]) started.

> Task :job-dsl-plugin:createVersionlessLookup
Caching disabled for task ':job-dsl-plugin:createVersionlessLookup' because:
  Build cache is disabled
Task ':job-dsl-plugin:createVersionlessLookup' is not up-to-date because:
  No history is available.
:job-dsl-plugin:createVersionlessLookup (Thread[Execution worker for ':' Thread 6,5,main]) completed. Took 0.065 secs.
:job-dsl-plugin:copyGeneratedJenkinsTestPluginDependencies (Thread[Execution worker for ':' Thread 6,5,main]) started.

> Task :job-dsl-plugin:copyGeneratedJenkinsTestPluginDependencies
Caching disabled for task ':job-dsl-plugin:copyGeneratedJenkinsTestPluginDependencies' because:
  Build cache is disabled
Task ':job-dsl-plugin:copyGeneratedJenkinsTestPluginDependencies' is not up-to-date because:
  No history is available.
:job-dsl-plugin:copyGeneratedJenkinsTestPluginDependencies (Thread[Execution worker for ':' Thread 6,5,main]) completed. Took 0.015 secs.
:job-dsl-plugin:generateTestHpl (Thread[Execution worker for ':' Thread 6,5,main]) started.

> Task :job-dsl-plugin:generateTestHpl
Caching disabled for task ':job-dsl-plugin:generateTestHpl' because:
  Build cache is disabled
Task ':job-dsl-plugin:generateTestHpl' is not up-to-date because:
  No history is available.
:job-dsl-plugin:generateTestHpl (Thread[Execution worker for ':' Thread 6,5,main]) completed. Took 0.012 secs.
:job-dsl-plugin:generateJenkinsTests (Thread[Execution worker for ':' Thread 6,5,main]) started.
:job-dsl-plugin:processGeneratedJenkinsTestResources (Thread[Execution worker for ':',5,main]) started.

> Task :job-dsl-plugin:processGeneratedJenkinsTestResources NO-SOURCE
Skipping task ':job-dsl-plugin:processGeneratedJenkinsTestResources' as it has no source files and no previous output files.
:job-dsl-plugin:processGeneratedJenkinsTestResources (Thread[Execution worker for ':',5,main]) completed. Took 0.0 secs.

> Task :job-dsl-plugin:generateJenkinsTests
Cache entries evicted. In-memory cache of /home/basil/.gradle/caches/journal-1/file-access.bin: Size{400} MaxSize{400}, CacheStats{hitCount=0, missCount=0, loadSuccessCount=0, loadExceptionCount=0, totalLoadTime=0, evictionCount=41} 
Performance may suffer from in-memory cache misses. Increase max heap size of Gradle build process to reduce cache misses.
Caching disabled for task ':job-dsl-plugin:generateJenkinsTests' because:
  Build cache is disabled
Task ':job-dsl-plugin:generateJenkinsTests' is not up-to-date because:
  No history is available.
:job-dsl-plugin:generateJenkinsTests (Thread[Execution worker for ':' Thread 6,5,main]) completed. Took 0.116 secs.
:job-dsl-plugin:compileGeneratedJenkinsTestJava (Thread[Execution worker for ':' Thread 6,5,main]) started.

> Task :job-dsl-plugin:compileGeneratedJenkinsTestJava
Caching disabled for task ':job-dsl-plugin:compileGeneratedJenkinsTestJava' because:
  Build cache is disabled
Task ':job-dsl-plugin:compileGeneratedJenkinsTestJava' is not up-to-date because:
  No history is available.
The input changes require a full rebuild for incremental task ':job-dsl-plugin:compileGeneratedJenkinsTestJava'.
Full recompilation is required because no incremental change information is available. This is usually caused by clean builds or changing compiler arguments.
Compiling with JDK Java compiler API.
Created classpath snapshot for incremental compilation in 0.015 secs. 1578 duplicate classes found in classpath (see all with --debug).
:job-dsl-plugin:compileGeneratedJenkinsTestJava (Thread[Execution worker for ':' Thread 6,5,main]) completed. Took 0.201 secs.
:job-dsl-plugin:compileGeneratedJenkinsTestGroovy (Thread[Execution worker for ':' Thread 6,5,main]) started.

> Task :job-dsl-plugin:compileGeneratedJenkinsTestGroovy NO-SOURCE
file or directory '/home/basil/src/jenkinsci/job-dsl-plugin/job-dsl-plugin/src/generatedJenkinsTest/groovy', not found
Skipping task ':job-dsl-plugin:compileGeneratedJenkinsTestGroovy' as it has no source files and no previous output files.
:job-dsl-plugin:compileGeneratedJenkinsTestGroovy (Thread[Execution worker for ':' Thread 6,5,main]) completed. Took 0.0 secs.
:job-dsl-plugin:generatedJenkinsTestClasses (Thread[Execution worker for ':' Thread 6,5,main]) started.

> Task :job-dsl-plugin:generatedJenkinsTestClasses
Skipping task ':job-dsl-plugin:generatedJenkinsTestClasses' as it has no actions.
:job-dsl-plugin:generatedJenkinsTestClasses (Thread[Execution worker for ':' Thread 6,5,main]) completed. Took 0.0 secs.
:job-dsl-plugin:generatedJenkinsTest (Thread[Execution worker for ':' Thread 6,5,main]) started.
Gradle Test Executor 2 started executing tests.

> Task :job-dsl-plugin:generatedJenkinsTest
Caching disabled for task ':job-dsl-plugin:generatedJenkinsTest' because:
  Build cache is disabled
Task ':job-dsl-plugin:generatedJenkinsTest' is not up-to-date because:
  No history is available.
file or directory '/home/basil/src/jenkinsci/job-dsl-plugin/job-dsl-plugin/build/classes/groovy/generatedJenkinsTest', not found
Starting process 'Gradle Test Executor 2'. Working directory: /home/basil/src/jenkinsci/job-dsl-plugin/job-dsl-plugin Command: /usr/lib/jvm/java-8-openjdk-amd64/bin/java -DbuildDirectory=/home/basil/src/jenkinsci/job-dsl-plugin/job-dsl-plugin/build/jpi-plugin/generatedJenkinsTest -Djava.awt.headless=true -Djava.security.manager=worker.org.gradle.process.internal.worker.child.BootstrapSecurityManager -Djth.jenkins-war.path=/home/basil/.gradle/caches/modules-2/files-2.1/org.jenkins-ci.main/jenkins-war/2.176/1ab9577a29362ae9cb51742d9778b44a5c820a9e/jenkins-war-2.176.war -Dorg.gradle.native=false -Xmx512m -Dfile.encoding=UTF-8 -Duser.country=US -Duser.language=en -Duser.variant -ea -cp /home/basil/.gradle/caches/6.9/workerMain/gradle-worker.jar worker.org.gradle.process.internal.worker.GradleWorkerMain 'Gradle Test Executor 2'
Successfully started process 'Gradle Test Executor 2'

org.jenkinsci.plugins.generated.job_dsl.InjectedTest STANDARD_ERROR
    SLF4J: Failed to load class "org.slf4j.impl.StaticLoggerBinder".
    SLF4J: Defaulting to no-operation (NOP) logger implementation
    SLF4J: See http://www.slf4j.org/codes.html#StaticLoggerBinder for further details.
    Mar 14, 2023 3:08:09 PM org.jvnet.hudson.test.WarExploder findJenkinsWar
    INFO: Using a predefined WAR file /home/basil/.gradle/caches/modules-2/files-2.1/org.jenkins-ci.main/jenkins-war/2.176/1ab9577a29362ae9cb51742d9778b44a5c820a9e/jenkins-war-2.176.war define by the jth.jenkins-war.path system property
    Mar 14, 2023 3:08:09 PM org.jvnet.hudson.test.WarExploder explode
    INFO: Exploding /home/basil/.gradle/caches/modules-2/files-2.1/org.jenkins-ci.main/jenkins-war/2.176/1ab9577a29362ae9cb51742d9778b44a5c820a9e/jenkins-war-2.176.war into /home/basil/src/jenkinsci/job-dsl-plugin/job-dsl-plugin/build/jpi-plugin/generatedJenkinsTest/jenkins-for-test
    Mar 14, 2023 3:08:11 PM jenkins.InitReactorRunner$1 onAttained
    INFO: Started initialization
    Mar 14, 2023 3:08:11 PM jenkins.InitReactorRunner$1 onAttained
    INFO: Listed all plugins
    Mar 14, 2023 3:08:12 PM jenkins.InitReactorRunner$1 onAttained
    INFO: Prepared all plugins
    Mar 14, 2023 3:08:12 PM jenkins.InitReactorRunner$1 onAttained
    INFO: Started all plugins
    Mar 14, 2023 3:08:12 PM jenkins.InitReactorRunner$1 onAttained
    INFO: Augmented all extensions
    Mar 14, 2023 3:08:12 PM jenkins.InitReactorRunner$1 onAttained
    INFO: Loaded all jobs
    Mar 14, 2023 3:08:13 PM jenkins.InitReactorRunner$1 onAttained
    INFO: Completed initialization
    Mar 14, 2023 3:08:14 PM jenkins.model.Jenkins cleanUp
    INFO: Stopping Jenkins
    Mar 14, 2023 3:08:15 PM hudson.ExtensionFinder$GuiceFinder$FaultTolerantScope$1 error
    WARNING: Failed to instantiate Key[type=jenkins.slaves.JnlpSlaveAgentProtocol4, annotation=[none]]; skipping this component
    com.google.inject.ProvisionException: Unable to provision, see the following errors:

    1) Error injecting constructor, java.security.KeyStoreException: JENKINS-41987: no X509Certificate found; perhaps instance-identity module is missing or too old
      at jenkins.slaves.JnlpSlaveAgentProtocol4.<init>(JnlpSlaveAgentProtocol4.java:101)

    1 error
    	at com.google.inject.internal.ProviderToInternalFactoryAdapter.get(ProviderToInternalFactoryAdapter.java:52)
    	at com.google.inject.internal.SingletonScope$1.get(SingletonScope.java:145)
    	at hudson.ExtensionFinder$GuiceFinder$FaultTolerantScope$1.get(ExtensionFinder.java:439)
    	at com.google.inject.internal.InternalFactoryToProviderAdapter.get(InternalFactoryToProviderAdapter.java:41)
    	at com.google.inject.internal.InjectorImpl$2$1.call(InjectorImpl.java:1016)
    	at com.google.inject.internal.InjectorImpl.callInContext(InjectorImpl.java:1092)
    	at com.google.inject.internal.InjectorImpl$2.get(InjectorImpl.java:1012)
    	at hudson.ExtensionFinder$GuiceFinder._find(ExtensionFinder.java:401)
    	at hudson.ExtensionFinder$GuiceFinder.find(ExtensionFinder.java:392)
    	at hudson.ClassicPluginStrategy.findComponents(ClassicPluginStrategy.java:335)
    	at hudson.ExtensionList.load(ExtensionList.java:381)
    	at hudson.ExtensionList.ensureLoaded(ExtensionList.java:317)
    	at hudson.ExtensionList.iterator(ExtensionList.java:172)
    	at jenkins.AgentProtocol.of(AgentProtocol.java:112)
    	at hudson.TcpSlaveAgentListener$ConnectionHandler.run(TcpSlaveAgentListener.java:268)
    Caused by: java.security.KeyStoreException: JENKINS-41987: no X509Certificate found; perhaps instance-identity module is missing or too old
    	at jenkins.slaves.JnlpSlaveAgentProtocol4.<init>(JnlpSlaveAgentProtocol4.java:105)
    	at jenkins.slaves.JnlpSlaveAgentProtocol4$$FastClassByGuice$$b470638c.newInstance(<generated>)
    	at com.google.inject.internal.cglib.reflect.$FastConstructor.newInstance(FastConstructor.java:40)
    	at com.google.inject.internal.DefaultConstructionProxyFactory$1.newInstance(DefaultConstructionProxyFactory.java:61)
    	at com.google.inject.internal.ConstructorInjector.provision(ConstructorInjector.java:105)
    	at com.google.inject.internal.ConstructorInjector.access$000(ConstructorInjector.java:32)
    	at com.google.inject.internal.ConstructorInjector$1.call(ConstructorInjector.java:89)
    	at com.google.inject.internal.ProvisionListenerStackCallback$Provision.provision(ProvisionListenerStackCallback.java:115)
    	at hudson.ExtensionFinder$GuiceFinder$SezpozModule.onProvision(ExtensionFinder.java:566)
    	at com.google.inject.internal.ProvisionListenerStackCallback$Provision.provision(ProvisionListenerStackCallback.java:126)
    	at com.google.inject.internal.ProvisionListenerStackCallback.provision(ProvisionListenerStackCallback.java:68)
    	at com.google.inject.internal.ConstructorInjector.construct(ConstructorInjector.java:87)
    	at com.google.inject.internal.ConstructorBindingImpl$Factory.get(ConstructorBindingImpl.java:267)
    	at com.google.inject.internal.ProviderToInternalFactoryAdapter$1.call(ProviderToInternalFactoryAdapter.java:46)
    	at com.google.inject.internal.InjectorImpl.callInContext(InjectorImpl.java:1103)
    	at com.google.inject.internal.ProviderToInternalFactoryAdapter.get(ProviderToInternalFactoryAdapter.java:40)
    	... 14 more

    Mar 14, 2023 3:08:15 PM jenkins.model.Jenkins cleanUp
    INFO: Jenkins stopped

Gradle Test Executor 2 finished executing tests.

> Task :job-dsl-plugin:generatedJenkinsTest
Finished generating test XML results (0.007 secs) into: /home/basil/src/jenkinsci/job-dsl-plugin/job-dsl-plugin/build/test-results/generatedJenkinsTest
Generating HTML test report...
Finished generating test html results (0.011 secs) into: /home/basil/src/jenkinsci/job-dsl-plugin/job-dsl-plugin/build/reports/tests/generatedJenkinsTest
:job-dsl-plugin:generatedJenkinsTest (Thread[Execution worker for ':' Thread 6,5,main]) completed. Took 7.675 secs.
:job-dsl-plugin:check (Thread[Execution worker for ':' Thread 6,5,main]) started.

> Task :job-dsl-plugin:check
Skipping task ':job-dsl-plugin:check' as it has no actions.
:job-dsl-plugin:check (Thread[Execution worker for ':' Thread 6,5,main]) completed. Took 0.0 secs.
:job-dsl-plugin:build (Thread[Execution worker for ':' Thread 6,5,main]) started.

> Task :job-dsl-plugin:build
Skipping task ':job-dsl-plugin:build' as it has no actions.
:job-dsl-plugin:build (Thread[Execution worker for ':' Thread 6,5,main]) completed. Took 0.0 secs.

Deprecated Gradle features were used in this build, making it incompatible with Gradle 7.0.
Use '--warning-mode all' to show the individual deprecation warnings.
See https://docs.gradle.org/6.9/userguide/command_line_interface.html#sec:command_line_warnings

BUILD SUCCESSFUL in 37s
50 actionable tasks: 46 executed, 4 up-to-date
Stopped 1 worker daemon(s).
